<?xml version="1.0" encoding="UTF-8"?>
<data>
	<test-inline-xmlns/>
	<test-gds-xmlns/>
</data>
